<?xml version="1.0" encoding="UTF-8"?>
<!-- Generated by org.testng.reporters.JUnitXMLReporter -->
<testsuite ignored="0" hostname="Ramyas-MacBook-Air.local" failures="2" tests="5" name="Default test" time="0.027" errors="0" timestamp="2022-05-19T22:21:22 CDT">
  <testcase classname="com.salesforce.base.BaseTests" name="@BeforeMethod setUpForAllMethods" time="-1.653016881925E9">
    <failure type="org.testng.TestNGException" message="
Parameter &amp;apos;browser&amp;apos; is required by BeforeMethod on method setUpForAllMethods but has not been marked @Optional or defined
in /private/var/folders/nc/rksk1wv5117bfv7t65l55h0m0000gn/T/testng-eclipse--471536973/testng-customsuite.xml">
      <![CDATA[org.testng.TestNGException: 
Parameter 'browser' is required by BeforeMethod on method setUpForAllMethods but has not been marked @Optional or defined
in /private/var/folders/nc/rksk1wv5117bfv7t65l55h0m0000gn/T/testng-eclipse--471536973/testng-customsuite.xml
at org.testng.internal.Parameters.createParams(Parameters.java:267)
at org.testng.internal.Parameters.createParametersForMethod(Parameters.java:355)
at org.testng.internal.Parameters.createParameters(Parameters.java:660)
at org.testng.internal.Parameters.createConfigurationParameters(Parameters.java:166)
at org.testng.internal.invokers.ConfigInvoker.invokeConfigurations(ConfigInvoker.java:300)
at org.testng.internal.invokers.TestInvoker.runConfigMethods(TestInvoker.java:803)
at org.testng.internal.invokers.TestInvoker.invokeMethod(TestInvoker.java:589)
at org.testng.internal.invokers.TestInvoker.invokeTestMethod(TestInvoker.java:220)
at org.testng.internal.invokers.MethodRunner.runInSequence(MethodRunner.java:50)
at org.testng.internal.invokers.TestInvoker$MethodInvocationAgent.invoke(TestInvoker.java:945)
at org.testng.internal.invokers.TestInvoker.invokeTestMethods(TestInvoker.java:193)
at org.testng.internal.invokers.TestMethodWorker.invokeTestMethods(TestMethodWorker.java:146)
at org.testng.internal.invokers.TestMethodWorker.run(TestMethodWorker.java:128)
at java.base/java.util.ArrayList.forEach(ArrayList.java:1511)
at org.testng.TestRunner.privateRun(TestRunner.java:808)
at org.testng.TestRunner.run(TestRunner.java:603)
at org.testng.SuiteRunner.runTest(SuiteRunner.java:429)
at org.testng.SuiteRunner.runSequentially(SuiteRunner.java:423)
at org.testng.SuiteRunner.privateRun(SuiteRunner.java:383)
at org.testng.SuiteRunner.run(SuiteRunner.java:326)
at org.testng.SuiteRunnerWorker.runSuite(SuiteRunnerWorker.java:52)
at org.testng.SuiteRunnerWorker.run(SuiteRunnerWorker.java:95)
at org.testng.TestNG.runSuitesSequentially(TestNG.java:1249)
at org.testng.TestNG.runSuitesLocally(TestNG.java:1169)
at org.testng.TestNG.runSuites(TestNG.java:1092)
at org.testng.TestNG.run(TestNG.java:1060)
at org.testng.remote.AbstractRemoteTestNG.run(AbstractRemoteTestNG.java:115)
at org.testng.remote.RemoteTestNG.initAndRun(RemoteTestNG.java:251)
at org.testng.remote.RemoteTestNG.main(RemoteTestNG.java:77)
]]>
    </failure>
  </testcase> <!-- @BeforeMethod setUpForAllMethods -->
  <testcase classname="com.salesforce.base.BaseTests" name="@BeforeMethod setUpForAllMethods" time="0.0">
    <skipped/>
  </testcase> <!-- @BeforeMethod setUpForAllMethods -->
  <testcase classname="com.salesforce.base.BaseTests" name="@BeforeMethod setUpForAllMethods" time="0.0">
    <skipped/>
  </testcase> <!-- @BeforeMethod setUpForAllMethods -->
  <testcase classname="com.salesforce.tests.LoginPageTestscripts" name="CheckRemeberMe3" time="0.0">
    <skipped/>
  </testcase> <!-- CheckRemeberMe3 -->
  <testcase classname="com.salesforce.tests.LoginPageTestscripts" name="ForgotPassword4A" time="0.0">
    <skipped/>
  </testcase> <!-- ForgotPassword4A -->
  <testcase classname="com.salesforce.tests.LoginPageTestscripts" name="ForgotPassword4B" time="0.0">
    <failure type="org.testng.TestNGException" message="
Parameter &amp;apos;TC_4_ForgotPassword4B_userName&amp;apos; is required by @Test on method ForgotPassword4B but has not been marked @Optional or defined
in /private/var/folders/nc/rksk1wv5117bfv7t65l55h0m0000gn/T/testng-eclipse--471536973/testng-customsuite.xml">
      <![CDATA[org.testng.TestNGException: 
Parameter 'TC_4_ForgotPassword4B_userName' is required by @Test on method ForgotPassword4B but has not been marked @Optional or defined
in /private/var/folders/nc/rksk1wv5117bfv7t65l55h0m0000gn/T/testng-eclipse--471536973/testng-customsuite.xml
at org.testng.internal.Parameters.createParams(Parameters.java:267)
at org.testng.internal.Parameters.createParametersForMethod(Parameters.java:355)
at org.testng.internal.Parameters.createParameters(Parameters.java:660)
at org.testng.internal.Parameters.handleParameters(Parameters.java:856)
at org.testng.internal.Parameters.handleParameters(Parameters.java:704)
at org.testng.internal.invokers.ParameterHandler.handleParameters(ParameterHandler.java:70)
at org.testng.internal.invokers.ParameterHandler.createParameters(ParameterHandler.java:49)
at org.testng.internal.invokers.TestInvoker$MethodInvocationAgent.invoke(TestInvoker.java:904)
at org.testng.internal.invokers.TestInvoker.invokeTestMethods(TestInvoker.java:193)
at org.testng.internal.invokers.TestMethodWorker.invokeTestMethods(TestMethodWorker.java:146)
at org.testng.internal.invokers.TestMethodWorker.run(TestMethodWorker.java:128)
at java.base/java.util.ArrayList.forEach(ArrayList.java:1511)
at org.testng.TestRunner.privateRun(TestRunner.java:808)
at org.testng.TestRunner.run(TestRunner.java:603)
at org.testng.SuiteRunner.runTest(SuiteRunner.java:429)
at org.testng.SuiteRunner.runSequentially(SuiteRunner.java:423)
at org.testng.SuiteRunner.privateRun(SuiteRunner.java:383)
at org.testng.SuiteRunner.run(SuiteRunner.java:326)
at org.testng.SuiteRunnerWorker.runSuite(SuiteRunnerWorker.java:52)
at org.testng.SuiteRunnerWorker.run(SuiteRunnerWorker.java:95)
at org.testng.TestNG.runSuitesSequentially(TestNG.java:1249)
at org.testng.TestNG.runSuitesLocally(TestNG.java:1169)
at org.testng.TestNG.runSuites(TestNG.java:1092)
at org.testng.TestNG.run(TestNG.java:1060)
at org.testng.remote.AbstractRemoteTestNG.run(AbstractRemoteTestNG.java:115)
at org.testng.remote.RemoteTestNG.initAndRun(RemoteTestNG.java:251)
at org.testng.remote.RemoteTestNG.main(RemoteTestNG.java:77)
]]>
    </failure>
  </testcase> <!-- ForgotPassword4B -->
  <testcase classname="com.salesforce.tests.LoginPageTestscripts" name="LoginErrorMessage1" time="0.0">
    <skipped/>
  </testcase> <!-- LoginErrorMessage1 -->
  <testcase classname="com.salesforce.tests.LoginPageTestscripts" name="LoginToSalesForce2" time="0.0">
    <failure type="org.testng.TestNGException" message="
Parameter &amp;apos;TC_2_LoginToSalesForce2_expectedPageTitle&amp;apos; is required by @Test on method LoginToSalesForce2 but has not been marked @Optional or defined
in /private/var/folders/nc/rksk1wv5117bfv7t65l55h0m0000gn/T/testng-eclipse--471536973/testng-customsuite.xml">
      <![CDATA[org.testng.TestNGException: 
Parameter 'TC_2_LoginToSalesForce2_expectedPageTitle' is required by @Test on method LoginToSalesForce2 but has not been marked @Optional or defined
in /private/var/folders/nc/rksk1wv5117bfv7t65l55h0m0000gn/T/testng-eclipse--471536973/testng-customsuite.xml
at org.testng.internal.Parameters.createParams(Parameters.java:267)
at org.testng.internal.Parameters.createParametersForMethod(Parameters.java:355)
at org.testng.internal.Parameters.createParameters(Parameters.java:660)
at org.testng.internal.Parameters.handleParameters(Parameters.java:856)
at org.testng.internal.Parameters.handleParameters(Parameters.java:704)
at org.testng.internal.invokers.ParameterHandler.handleParameters(ParameterHandler.java:70)
at org.testng.internal.invokers.ParameterHandler.createParameters(ParameterHandler.java:49)
at org.testng.internal.invokers.TestInvoker$MethodInvocationAgent.invoke(TestInvoker.java:904)
at org.testng.internal.invokers.TestInvoker.invokeTestMethods(TestInvoker.java:193)
at org.testng.internal.invokers.TestMethodWorker.invokeTestMethods(TestMethodWorker.java:146)
at org.testng.internal.invokers.TestMethodWorker.run(TestMethodWorker.java:128)
at java.base/java.util.ArrayList.forEach(ArrayList.java:1511)
at org.testng.TestRunner.privateRun(TestRunner.java:808)
at org.testng.TestRunner.run(TestRunner.java:603)
at org.testng.SuiteRunner.runTest(SuiteRunner.java:429)
at org.testng.SuiteRunner.runSequentially(SuiteRunner.java:423)
at org.testng.SuiteRunner.privateRun(SuiteRunner.java:383)
at org.testng.SuiteRunner.run(SuiteRunner.java:326)
at org.testng.SuiteRunnerWorker.runSuite(SuiteRunnerWorker.java:52)
at org.testng.SuiteRunnerWorker.run(SuiteRunnerWorker.java:95)
at org.testng.TestNG.runSuitesSequentially(TestNG.java:1249)
at org.testng.TestNG.runSuitesLocally(TestNG.java:1169)
at org.testng.TestNG.runSuites(TestNG.java:1092)
at org.testng.TestNG.run(TestNG.java:1060)
at org.testng.remote.AbstractRemoteTestNG.run(AbstractRemoteTestNG.java:115)
at org.testng.remote.RemoteTestNG.initAndRun(RemoteTestNG.java:251)
at org.testng.remote.RemoteTestNG.main(RemoteTestNG.java:77)
]]>
    </failure>
  </testcase> <!-- LoginToSalesForce2 -->
</testsuite> <!-- Default test -->
