<?xml version="1.0" encoding="UTF-8"?>
<!-- Generated by org.testng.reporters.JUnitXMLReporter -->
<testsuite ignored="0" hostname="Ramyas-MacBook-Air.local" failures="1" tests="5" name="TestForLoginPage_Chrome" time="45.306" errors="0" timestamp="2022-05-20T23:23:38 CDT">
  <testcase classname="com.salesforce.tests.LoginPageTestscripts" name="CheckRemeberMe3" time="11.824"/>
  <testcase classname="com.salesforce.tests.LoginPageTestscripts" name="ForgotPassword4A" time="3.538"/>
  <testcase classname="com.salesforce.tests.LoginPageTestscripts" name="ForgotPassword4B" time="3.769"/>
  <testcase classname="com.salesforce.tests.LoginPageTestscripts" name="LoginErrorMessage1" time="4.811"/>
  <testcase classname="com.salesforce.tests.LoginPageTestscripts" name="LoginToSalesForce2" time="6.289">
    <failure type="java.lang.AssertionError" message="expected [Welcome to your free trial not displayed,Test Failed] but found []">
      <![CDATA[java.lang.AssertionError: expected [Welcome to your free trial not displayed,Test Failed] but found []
at com.salesforce.tests.LoginPageTestscripts.LoginToSalesForce2(LoginPageTestscripts.java:43)
at java.base/java.util.ArrayList.forEach(ArrayList.java:1511)
... Removed 33 stack frames]]>
    </failure>
  </testcase> <!-- LoginToSalesForce2 -->
</testsuite> <!-- TestForLoginPage_Chrome -->
