<!DOCTYPE html PUBLIC "-//W3C//DTD XHTML 1.1//EN" "https://www.w3.org/TR/xhtml11/DTD/xhtml11.dtd">
<html xmlns="https://www.w3.org/1999/xhtml">
<head>
<meta http-equiv="content-type" content="text/html; charset=UTF-8"/>
<title>TestNG Report</title>
<style type="text/css">table {margin-bottom:10px;border-collapse:collapse;empty-cells:show}th,td {border:1px solid #009;padding:.25em .5em}th {vertical-align:bottom}td {vertical-align:top}table a {font-weight:bold}.stripe td {background-color: #E6EBF9}.num {text-align:right}.passedodd td {background-color: #3F3}.passedeven td {background-color: #0A0}.skippedodd td {background-color: #DDD}.skippedeven td {background-color: #CCC}.failedodd td,.attn {background-color: #F33}.failedeven td,.stripe .attn {background-color: #D00}.stacktrace {white-space:pre;font-family:monospace}.totop {font-size:85%;text-align:center;border-bottom:2px solid #000}.invisible {display:none}</style>
</head>
<body>
<table>
<tr><th>Test</th><th># Passed</th><th># Skipped</th><th># Retried</th><th># Failed</th><th>Time (ms)</th><th>Included Groups</th><th>Excluded Groups</th></tr>
<tr><th colspan="8">Suite</th></tr>
<tr><td><a href="#t0">TestForLoginPage_Chrome</a></td><td class="num">4</td><td class="num">0</td><td class="num">0</td><td class="num attn">1</td><td class="num">45,306</td><td></td><td></td></tr>
<tr class="stripe"><td><a href="#t1">TestForLoginPage_firefox</a></td><td class="num">4</td><td class="num">0</td><td class="num">0</td><td class="num attn">1</td><td class="num">30,540</td><td></td><td></td></tr>
<tr><th>Total</th><th class="num">8</th><th class="num">0</th><th class="num">0</th><th class="num attn">2</th><th class="num">75,846</th><th colspan="2"></th></tr>
</table>
<table id='summary'><thead><tr><th>Class</th><th>Method</th><th>Start</th><th>Time (ms)</th></tr></thead><tbody><tr><th colspan="4">Suite</th></tr></tbody><tbody id="t0"><tr><th colspan="4">TestForLoginPage_Chrome &#8212; failed</th></tr><tr class="failedeven"><td rowspan="1">com.salesforce.tests.LoginPageTestscripts</td><td><a href="#m0">LoginToSalesForce2</a></td><td rowspan="1">1653107011386</td><td rowspan="1">6289</td></tr><tr><th colspan="4">TestForLoginPage_Chrome &#8212; passed</th></tr><tr class="passedeven"><td rowspan="4">com.salesforce.tests.LoginPageTestscripts</td><td><a href="#m1">CheckRemeberMe3</a></td><td rowspan="1">1653106977864</td><td rowspan="1">11824</td></tr><tr class="passedeven"><td><a href="#m2">ForgotPassword4A</a></td><td rowspan="1">1653106992346</td><td rowspan="1">3538</td></tr><tr class="passedeven"><td><a href="#m3">ForgotPassword4B</a></td><td rowspan="1">1653106998135</td><td rowspan="1">3769</td></tr><tr class="passedeven"><td><a href="#m4">LoginErrorMessage1</a></td><td rowspan="1">1653107004280</td><td rowspan="1">4811</td></tr></tbody>
<tbody id="t1"><tr><th colspan="4">TestForLoginPage_firefox &#8212; failed</th></tr><tr class="failedeven"><td rowspan="1">com.salesforce.tests.LoginPageTestscripts</td><td><a href="#m5">LoginToSalesForce2</a></td><td rowspan="1">1653107047067</td><td rowspan="1">1981</td></tr><tr><th colspan="4">TestForLoginPage_firefox &#8212; passed</th></tr><tr class="passedeven"><td rowspan="4">com.salesforce.tests.LoginPageTestscripts</td><td><a href="#m6">CheckRemeberMe3</a></td><td rowspan="1">1653107021842</td><td rowspan="1">8974</td></tr><tr class="passedeven"><td><a href="#m7">ForgotPassword4A</a></td><td rowspan="1">1653107033936</td><td rowspan="1">910</td></tr><tr class="passedeven"><td><a href="#m8">ForgotPassword4B</a></td><td rowspan="1">1653107037855</td><td rowspan="1">311</td></tr><tr class="passedeven"><td><a href="#m9">LoginErrorMessage1</a></td><td rowspan="1">1653107042788</td><td rowspan="1">541</td></tr></tbody>
</table>
<h2>TestForLoginPage_Chrome</h2><h3 id="m0">com.salesforce.tests.LoginPageTestscripts#LoginToSalesForce2</h3><table class="result"><tr class="param"><th>Parameter #1</th></tr><tr class="param stripe"><td>Welcome to your free trial not displayed,Test Failed</td></tr><tr><th>Exception</th></tr><tr><td><div class="stacktrace">java.lang.AssertionError: expected [Welcome to your free trial not displayed,Test Failed] but found []
	at com.salesforce.tests.LoginPageTestscripts.LoginToSalesForce2(LoginPageTestscripts.java:43)
	at java.base/java.util.ArrayList.forEach(ArrayList.java:1511)
... Removed 33 stack frames</div></td></tr></table><p class="totop"><a href="#summary">back to summary</a></p>
<h3 id="m1">com.salesforce.tests.LoginPageTestscripts#CheckRemeberMe3</h3><table class="result"><tr><th class="invisible"/></tr></table><p class="totop"><a href="#summary">back to summary</a></p>
<h3 id="m2">com.salesforce.tests.LoginPageTestscripts#ForgotPassword4A</h3><table class="result"><tr><th class="invisible"/></tr></table><p class="totop"><a href="#summary">back to summary</a></p>
<h3 id="m3">com.salesforce.tests.LoginPageTestscripts#ForgotPassword4B</h3><table class="result"><tr class="param"><th>Parameter #1</th><th>Parameter #2</th></tr><tr class="param stripe"><td>123</td><td>22131</td></tr></table><p class="totop"><a href="#summary">back to summary</a></p>
<h3 id="m4">com.salesforce.tests.LoginPageTestscripts#LoginErrorMessage1</h3><table class="result"><tr><th class="invisible"/></tr></table><p class="totop"><a href="#summary">back to summary</a></p>
<h2>TestForLoginPage_firefox</h2><h3 id="m5">com.salesforce.tests.LoginPageTestscripts#LoginToSalesForce2</h3><table class="result"><tr class="param"><th>Parameter #1</th></tr><tr class="param stripe"><td>Welcome to your free trial not displayed,Test Failed</td></tr><tr><th>Exception</th></tr><tr><td><div class="stacktrace">java.lang.AssertionError: expected [Welcome to your free trial not displayed,Test Failed] but found []
	at com.salesforce.tests.LoginPageTestscripts.LoginToSalesForce2(LoginPageTestscripts.java:43)
	at java.base/java.util.ArrayList.forEach(ArrayList.java:1511)
... Removed 33 stack frames</div></td></tr></table><p class="totop"><a href="#summary">back to summary</a></p>
<h3 id="m6">com.salesforce.tests.LoginPageTestscripts#CheckRemeberMe3</h3><table class="result"><tr><th class="invisible"/></tr></table><p class="totop"><a href="#summary">back to summary</a></p>
<h3 id="m7">com.salesforce.tests.LoginPageTestscripts#ForgotPassword4A</h3><table class="result"><tr><th class="invisible"/></tr></table><p class="totop"><a href="#summary">back to summary</a></p>
<h3 id="m8">com.salesforce.tests.LoginPageTestscripts#ForgotPassword4B</h3><table class="result"><tr class="param"><th>Parameter #1</th><th>Parameter #2</th></tr><tr class="param stripe"><td>123</td><td>22131</td></tr></table><p class="totop"><a href="#summary">back to summary</a></p>
<h3 id="m9">com.salesforce.tests.LoginPageTestscripts#LoginErrorMessage1</h3><table class="result"><tr><th class="invisible"/></tr></table><p class="totop"><a href="#summary">back to summary</a></p>
</body>
</html>
